<?xml version="1.0" encoding="UTF-8"?>
<!-- Generated by org.testng.reporters.JUnitReportReporter -->
<testsuite hostname="DESKTOP-DS6ARM2" failures="0" tests="1" name="runner.GoogleSearchRunner" time="16.186" errors="1" timestamp="2024-02-13T01:39:35 IST" skipped="0">
  <testcase classname="runner.GoogleSearchRunner" name="runScenario" time="16.186">
    <error message="element click intercepted: Element &lt;button id=&quot;sign_in_btn&quot; type=&quot;button&quot; class=&quot;sec-sender-a ng-scope&quot; role=&quot;button&quot; data-ng-click=&quot;senderCtrl.send()&quot;&gt;...&lt;/button&gt; is not clickable at point (683, 492). Other element would receive the click: &lt;div class=&quot;loader&quot; style=&quot;display: block; opacity: 1;&quot;&gt;...&lt;/div&gt;
  (Session info: chrome=121.0.6167.161)
Build info: version: &#039;4.14.0&#039;, revision: &#039;e5a96349ce&#039;
System info: os.name: &#039;Windows 10&#039;, os.arch: &#039;amd64&#039;, os.version: &#039;10.0&#039;, java.version: &#039;20.0.1&#039;
Driver info: org.openqa.selenium.chrome.ChromeDriver
Command: [1b86c1d35d26047ec049ecec52d6b5bd, clickElement {id=D6A4860831FAC904E2EBC1E59698EB3C_element_61}]
Capabilities {acceptInsecureCerts: false, browserName: chrome, browserVersion: 121.0.6167.161, chrome: {chromedriverVersion: 121.0.6167.85 (3f98d690ad7e..., userDataDir: C:\Users\user\AppData\Local...}, fedcm:accounts: true, goog:chromeOptions: {debuggerAddress: localhost:57256}, networkConnectionEnabled: false, pageLoadStrategy: normal, platformName: windows, proxy: Proxy(), se:cdp: ws://localhost:57256/devtoo..., se:cdpVersion: 121.0.6167.161, setWindowRect: true, strictFileInteractability: false, timeouts: {implicit: 0, pageLoad: 300000, script: 30000}, unhandledPromptBehavior: dismiss and notify, webauthn:extension:credBlob: true, webauthn:extension:largeBlob: true, webauthn:extension:minPinLength: true, webauthn:extension:prf: true, webauthn:virtualAuthenticators: true}
Element: [[ChromeDriver: chrome on windows (1b86c1d35d26047ec049ecec52d6b5bd)] -&gt; id: sign_in_btn]
Session ID: 1b86c1d35d26047ec049ecec52d6b5bd" type="org.openqa.selenium.ElementClickInterceptedException">
      <![CDATA[org.openqa.selenium.ElementClickInterceptedException: element click intercepted: Element <button id="sign_in_btn" type="button" class="sec-sender-a ng-scope" role="button" data-ng-click="senderCtrl.send()">...</button> is not clickable at point (683, 492). Other element would receive the click: <div class="loader" style="display: block; opacity: 1;">...</div>
  (Session info: chrome=121.0.6167.161)
Build info: version: '4.14.0', revision: 'e5a96349ce'
System info: os.name: 'Windows 10', os.arch: 'amd64', os.version: '10.0', java.version: '20.0.1'
Driver info: org.openqa.selenium.chrome.ChromeDriver
Command: [1b86c1d35d26047ec049ecec52d6b5bd, clickElement {id=D6A4860831FAC904E2EBC1E59698EB3C_element_61}]
Capabilities {acceptInsecureCerts: false, browserName: chrome, browserVersion: 121.0.6167.161, chrome: {chromedriverVersion: 121.0.6167.85 (3f98d690ad7e..., userDataDir: C:\Users\user\AppData\Local...}, fedcm:accounts: true, goog:chromeOptions: {debuggerAddress: localhost:57256}, networkConnectionEnabled: false, pageLoadStrategy: normal, platformName: windows, proxy: Proxy(), se:cdp: ws://localhost:57256/devtoo..., se:cdpVersion: 121.0.6167.161, setWindowRect: true, strictFileInteractability: false, timeouts: {implicit: 0, pageLoad: 300000, script: 30000}, unhandledPromptBehavior: dismiss and notify, webauthn:extension:credBlob: true, webauthn:extension:largeBlob: true, webauthn:extension:minPinLength: true, webauthn:extension:prf: true, webauthn:virtualAuthenticators: true}
Element: [[ChromeDriver: chrome on windows (1b86c1d35d26047ec049ecec52d6b5bd)] -> id: sign_in_btn]
Session ID: 1b86c1d35d26047ec049ecec52d6b5bd
at java.base/jdk.internal.reflect.DirectConstructorHandleAccessor.newInstance(DirectConstructorHandleAccessor.java:67)
at java.base/java.lang.reflect.Constructor.newInstanceWithCaller(Constructor.java:500)
at java.base/java.lang.reflect.Constructor.newInstance(Constructor.java:484)
at org.openqa.selenium.remote.codec.w3c.W3CHttpResponseCodec.createException(W3CHttpResponseCodec.java:200)
at org.openqa.selenium.remote.codec.w3c.W3CHttpResponseCodec.decode(W3CHttpResponseCodec.java:133)
at org.openqa.selenium.remote.codec.w3c.W3CHttpResponseCodec.decode(W3CHttpResponseCodec.java:52)
at org.openqa.selenium.remote.HttpCommandExecutor.execute(HttpCommandExecutor.java:191)
at org.openqa.selenium.remote.service.DriverCommandExecutor.invokeExecute(DriverCommandExecutor.java:196)
at org.openqa.selenium.remote.service.DriverCommandExecutor.execute(DriverCommandExecutor.java:171)
at org.openqa.selenium.remote.RemoteWebDriver.execute(RemoteWebDriver.java:602)
at org.openqa.selenium.remote.RemoteWebElement.execute(RemoteWebElement.java:224)
at org.openqa.selenium.remote.RemoteWebElement.click(RemoteWebElement.java:77)
at stepDefinations.LoginStepDefination.i_click_the_login_button(LoginStepDefination.java:56)
at âœ½.I click the login button(file:///C:/Selenium/Cucumber/src/test/resources/features/googlesearch.feature:11)
]]>
    </error>
  </testcase> <!-- runScenario -->
</testsuite> <!-- runner.GoogleSearchRunner -->
